-
mem2.bash
mem2.bash
mem.bash
mem.bash
systemd
-
mem2.bash
mem.bash
mem.bash
mem2.bash
systemd
-
mem2.bash
mem.bash
mem.bash
mem2.bash
systemd
-
mem.bash
mem.bash
mem2.bash
mem2.bash
systemd
-
mem2.bash
mem.bash
mem2.bash
mem.bash
systemd
-
mem.bash
mem.bash
mem2.bash
mem2.bash
systemd
-
mem2.bash
mem2.bash
mem.bash
mem.bash
systemd
-
mem.bash
mem.bash
mem2.bash
mem2.bash
systemd
-
mem2.bash
mem.bash
mem.bash
mem2.bash
systemd
-
mem2.bash
mem2.bash
mem.bash
mem.bash
systemd
-
mem.bash
mem.bash
mem2.bash
mem2.bash
systemd
-
mem.bash
mem2.bash
mem.bash
mem2.bash
systemd
-
mem.bash
mem.bash
mem2.bash
mem2.bash
systemd
-
mem.bash
mem2.bash
mem.bash
mem2.bash
systemd
-
mem2.bash
mem.bash
mem.bash
mem2.bash
top
-
mem.bash
mem.bash
mem2.bash
mem2.bash
systemd
-
mem.bash
mem.bash
mem2.bash
mem2.bash
systemd
-
mem.bash
mem2.bash
mem2.bash
mem.bash
systemd
-
mem.bash
mem2.bash
mem.bash
mem2.bash
systemd
-
mem.bash
mem2.bash
mem.bash
mem2.bash
systemd
-
mem.bash
mem2.bash
mem.bash
mem2.bash
systemd
-
mem2.bash
mem.bash
mem2.bash
mem.bash
systemd
-
mem.bash
mem.bash
mem2.bash
mem2.bash
systemd
-
mem2.bash
mem2.bash
mem.bash
mem.bash
top
-
mem2.bash
mem.bash
mem.bash
mem2.bash
systemd
-
mem.bash
mem2.bash
mem.bash
mem2.bash
systemd
-
mem2.bash
mem.bash
mem2.bash
mem.bash
kworker/0:2-events_power_ef+
-
mem2.bash
mem.bash
mem2.bash
mem.bash
systemd
-
mem2.bash
mem.bash
mem2.bash
mem.bash
systemd
-
mem.bash
mem2.bash
mem.bash
mem2.bash
systemd
-
mem.bash
mem2.bash
mem2.bash
mem.bash
systemd
-
mem2.bash
mem2.bash
mem.bash
mem.bash
systemd
-
mem2.bash
mem.bash
mem2.bash
mem.bash
systemd
-
mem.bash
mem2.bash
mem2.bash
mem.bash
systemd
-
mem.bash
mem2.bash
mem.bash
mem2.bash
top
-
mem2.bash
mem.bash
mem.bash
mem2.bash
systemd
-
mem.bash
mem2.bash
mem.bash
mem2.bash
systemd
-
mem.bash
mem2.bash
mem2.bash
mem.bash
systemd
-
mem2.bash
mem.bash
mem.bash
mem2.bash
systemd
-
mem.bash
mem2.bash
mem.bash
mem2.bash
systemd
-
mem.bash
mem2.bash
mem.bash
mem2.bash
systemd
-
mem.bash
mem2.bash
mem2.bash
mem.bash
top
-
mem.bash
mem2.bash
mem.bash
mem2.bash
systemd
-
mem.bash
mem.bash
mem2.bash
mem2.bash
kswapd0
-
mem.bash
mem2.bash
mem.bash
mem2.bash
systemd
-
mem.bash
mem.bash
mem2.bash
mem2.bash
systemd
-
mem.bash
mem2.bash
mem.bash
mem2.bash
kswapd0
-
mem2.bash
mem.bash
mem2.bash
mem.bash
kswapd0
-
mem2.bash
mem2.bash
mem.bash
mem.bash
systemd
-
mem.bash
mem.bash
mem2.bash
top
systemd
-
mem.bash
mem.bash
mem2.bash
systemd
kthreadd
-
mem.bash
mem2.bash
mem.bash
systemd
kthreadd
-
mem.bash
mem.bash
mem2.bash
systemd
kthreadd
-
mem2.bash
mem.bash
mem.bash
systemd
kthreadd
-
mem2.bash
mem.bash
mem.bash
systemd
kthreadd
-
mem.bash
mem.bash
mem2.bash
systemd
kthreadd
-
mem.bash
mem.bash
mem2.bash
systemd
kthreadd
-
mem.bash
mem.bash
mem2.bash
systemd
kthreadd
-
mem.bash
mem2.bash
mem.bash
systemd
kthreadd
-
mem.bash
mem.bash
mem2.bash
systemd
kthreadd
-
mem2.bash
mem.bash
mem.bash
systemd
kthreadd
-
kswapd0
mem.bash
mem2.bash
mem.bash
systemd
-
mem.bash
mem2.bash
systemd
kthreadd
rcu_gp
-
mem.bash
mem2.bash
systemd
kthreadd
rcu_gp
-
mem.bash
mem2.bash
systemd
kthreadd
rcu_gp
-
mem2.bash
mem.bash
systemd
kthreadd
rcu_gp
-
mem.bash
mem2.bash
systemd
kthreadd
rcu_gp
-
mem.bash
mem2.bash
systemd
kthreadd
rcu_gp
-
mem.bash
mem2.bash
systemd
kthreadd
rcu_gp
-
mem.bash
mem2.bash
systemd
kthreadd
rcu_gp
-
mem.bash
mem2.bash
systemd
kthreadd
rcu_gp
-
mem.bash
mem2.bash
systemd
kthreadd
rcu_gp
-
mem2.bash
mem.bash
systemd
kthreadd
rcu_gp
-
mem.bash
mem2.bash
systemd
kthreadd
rcu_gp
-
mem.bash
mem2.bash
kworker/0:0-events_power_ef+
systemd
kthreadd
-
mem.bash
mem2.bash
systemd
kthreadd
rcu_gp
-
mem.bash
mem2.bash
systemd
kthreadd
rcu_gp
-
mem.bash
mem2.bash
rcu_sched
systemd
kthreadd
-
mem.bash
mem2.bash
systemd
kthreadd
rcu_gp
-
mem.bash
mem2.bash
systemd
kthreadd
rcu_gp
-
mem.bash
mem2.bash
systemd
kthreadd
rcu_gp
-
mem2.bash
systemd-journal
systemd
kthreadd
rcu_gp
