-
mem.bash
systemd
kthreadd
rcu_gp
rcu_par_gp
-
mem.bash
systemd
kthreadd
rcu_gp
rcu_par_gp
-
mem.bash
systemd
kthreadd
rcu_gp
rcu_par_gp
-
mem.bash
systemd
kthreadd
rcu_gp
rcu_par_gp
-
mem.bash
systemd
kthreadd
rcu_gp
rcu_par_gp
-
mem.bash
systemd
kthreadd
rcu_gp
rcu_par_gp
-
mem.bash
systemd
kthreadd
rcu_gp
rcu_par_gp
-
mem.bash
systemd
kthreadd
rcu_gp
rcu_par_gp
-
mem.bash
systemd
kthreadd
rcu_gp
rcu_par_gp
-
mem.bash
systemd
kthreadd
rcu_gp
rcu_par_gp
-
mem.bash
systemd
kthreadd
rcu_gp
rcu_par_gp
-
mem.bash
systemd
kthreadd
rcu_gp
rcu_par_gp
-
mem.bash
systemd
kthreadd
rcu_gp
rcu_par_gp
-
mem.bash
systemd
kthreadd
rcu_gp
rcu_par_gp
-
mem.bash
systemd
kthreadd
rcu_gp
rcu_par_gp
-
mem.bash
systemd
kthreadd
rcu_gp
rcu_par_gp
-
mem.bash
systemd
kthreadd
rcu_gp
rcu_par_gp
-
mem.bash
systemd
kthreadd
rcu_gp
rcu_par_gp
-
mem.bash
systemd
kthreadd
rcu_gp
rcu_par_gp
-
mem.bash
top
systemd
kthreadd
rcu_gp
-
mem.bash
systemd
kthreadd
rcu_gp
rcu_par_gp
-
mem.bash
systemd
kthreadd
rcu_gp
rcu_par_gp
-
mem.bash
systemd
kthreadd
rcu_gp
rcu_par_gp
-
mem.bash
systemd
kthreadd
rcu_gp
rcu_par_gp
-
mem.bash
systemd
kthreadd
rcu_gp
rcu_par_gp
-
mem.bash
systemd
kthreadd
rcu_gp
rcu_par_gp
-
mem.bash
systemd
kthreadd
rcu_gp
rcu_par_gp
-
mem.bash
systemd
kthreadd
rcu_gp
rcu_par_gp
-
mem.bash
systemd
kthreadd
rcu_gp
rcu_par_gp
-
mem.bash
systemd
kthreadd
rcu_gp
rcu_par_gp
-
mem.bash
systemd
kthreadd
rcu_gp
rcu_par_gp
-
mem.bash
systemd
kthreadd
rcu_gp
rcu_par_gp
-
mem.bash
top
systemd
kthreadd
rcu_gp
-
mem.bash
systemd
kthreadd
rcu_gp
rcu_par_gp
-
mem.bash
systemd
kthreadd
rcu_gp
rcu_par_gp
-
mem.bash
systemd
kthreadd
rcu_gp
rcu_par_gp
-
mem.bash
systemd
kthreadd
rcu_gp
rcu_par_gp
-
mem.bash
systemd
kthreadd
rcu_gp
rcu_par_gp
-
mem.bash
systemd
kthreadd
rcu_gp
rcu_par_gp
-
mem.bash
systemd
kthreadd
rcu_gp
rcu_par_gp
-
mem.bash
systemd
kthreadd
rcu_gp
rcu_par_gp
-
mem.bash
systemd
kthreadd
rcu_gp
rcu_par_gp
-
mem.bash
systemd
kthreadd
rcu_gp
rcu_par_gp
-
mem.bash
systemd
kthreadd
rcu_gp
rcu_par_gp
-
mem.bash
systemd
kthreadd
rcu_gp
rcu_par_gp
-
mem.bash
rcu_sched
systemd
kthreadd
rcu_gp
-
mem.bash
systemd
kthreadd
rcu_gp
rcu_par_gp
-
mem.bash
systemd
kthreadd
rcu_gp
rcu_par_gp
-
mem.bash
systemd
kthreadd
rcu_gp
rcu_par_gp
-
mem.bash
systemd
kthreadd
rcu_gp
rcu_par_gp
-
mem.bash
systemd
kthreadd
rcu_gp
rcu_par_gp
-
mem.bash
systemd
kthreadd
rcu_gp
rcu_par_gp
-
mem.bash
systemd
kthreadd
rcu_gp
rcu_par_gp
-
mem.bash
systemd
kthreadd
rcu_gp
rcu_par_gp
-
mem.bash
systemd
kthreadd
rcu_gp
rcu_par_gp
-
mem.bash
systemd
kthreadd
rcu_gp
rcu_par_gp
-
mem.bash
systemd
kthreadd
rcu_gp
rcu_par_gp
-
mem.bash
systemd
kthreadd
rcu_gp
rcu_par_gp
-
mem.bash
systemd
kthreadd
rcu_gp
rcu_par_gp
-
mem.bash
systemd
kthreadd
rcu_gp
rcu_par_gp
-
mem.bash
systemd
kthreadd
rcu_gp
rcu_par_gp
-
mem.bash
systemd
kthreadd
rcu_gp
rcu_par_gp
-
mem.bash
top
systemd
kthreadd
rcu_gp
-
mem.bash
systemd
kthreadd
rcu_gp
rcu_par_gp
-
mem.bash
kswapd0
systemd
kthreadd
rcu_gp
